<?xml version="1.0" encoding="UTF-8"?>
<testng-results ignored="0" total="2" passed="2" failed="0" skipped="0">
  <reporter-output>
  </reporter-output>
  <suite started-at="2022-07-13T10:29:58 IST" name="Default suite" finished-at="2022-07-13T10:29:59 IST" duration-ms="1214">
    <groups>
    </groups>
    <test started-at="2022-07-13T10:29:58 IST" name="Default test" finished-at="2022-07-13T10:29:59 IST" duration-ms="1214">
      <class name="files.testScripts">
        <test-method signature="validateForeignPlayersCount()[pri:0, instance:files.testScripts@7d37f1c]" started-at="2022-07-13T10:29:58 IST" name="validateForeignPlayersCount" finished-at="2022-07-13T10:29:59 IST" duration-ms="652" status="PASS">
          <reporter-output>
          </reporter-output>
        </test-method> <!-- validateForeignPlayersCount -->
        <test-method signature="validateOneWicketKeeper()[pri:0, instance:files.testScripts@7d37f1c]" started-at="2022-07-13T10:29:59 IST" name="validateOneWicketKeeper" finished-at="2022-07-13T10:29:59 IST" duration-ms="416" status="PASS">
          <reporter-output>
          </reporter-output>
        </test-method> <!-- validateOneWicketKeeper -->
      </class> <!-- files.testScripts -->
    </test> <!-- Default test -->
  </suite> <!-- Default suite -->
</testng-results>
